f:\xingyue\git\dotnetpy\dotnetpy\x64\debug\dotnetpy.pch
f:\xingyue\git\dotnetpy\dotnetpy\x64\debug\vc141.pdb
f:\xingyue\git\dotnetpy\dotnetpy\x64\debug\stdafx.obj
f:\xingyue\git\dotnetpy\dotnetpy\x64\debug\pyengine.obj
f:\xingyue\git\dotnetpy\dotnetpy\x64\debug\assemblyinfo.obj
f:\xingyue\git\dotnetpy\dotnetpy\x64\debug\.netframework,version=v4.0.assemblyattributes.obj
f:\xingyue\git\dotnetpy\dotnetpy\x64\debug\.netframework,version=v4.0.assemblyattributes.asm
f:\xingyue\git\dotnetpy\x64\debug\dotnetpy.dll
f:\xingyue\git\dotnetpy\x64\debug\dotnetpy.pdb
f:\xingyue\git\dotnetpy\dotnetpy\x64\debug\app.res
f:\xingyue\git\dotnetpy\dotnetpy\x64\debug\dotnetpy.tlog\cl.command.1.tlog
f:\xingyue\git\dotnetpy\dotnetpy\x64\debug\dotnetpy.tlog\cl.read.1.tlog
f:\xingyue\git\dotnetpy\dotnetpy\x64\debug\dotnetpy.tlog\cl.write.1.tlog
f:\xingyue\git\dotnetpy\dotnetpy\x64\debug\dotnetpy.tlog\link.command.1.tlog
f:\xingyue\git\dotnetpy\dotnetpy\x64\debug\dotnetpy.tlog\link.read.1.tlog
f:\xingyue\git\dotnetpy\dotnetpy\x64\debug\dotnetpy.tlog\link.write.1.tlog
f:\xingyue\git\dotnetpy\dotnetpy\x64\debug\dotnetpy.tlog\metagen.read.1.tlog
f:\xingyue\git\dotnetpy\dotnetpy\x64\debug\dotnetpy.tlog\metagen.write.1.tlog
f:\xingyue\git\dotnetpy\dotnetpy\x64\debug\dotnetpy.tlog\rc.command.1.tlog
f:\xingyue\git\dotnetpy\dotnetpy\x64\debug\dotnetpy.tlog\rc.read.1.tlog
f:\xingyue\git\dotnetpy\dotnetpy\x64\debug\dotnetpy.tlog\rc.write.1.tlog
f:\xingyue\git\dotnetpy\dotnetpy\x64\debug\dotnetpy.tlog\tzres.dll.bi
